<?xml version="1.0" encoding="UTF-8"?>
<!-- Generated by org.testng.reporters.JUnitReportReporter -->
<testsuite skipped="0" hostname="DESKTOP-D1U3POL" name="extentReportUsingListner.BasePageTest" tests="4" failures="0" timestamp="30 Jan 2020 05:15:05 GMT" time="3.324" errors="0">
  <testcase name="baseTest1" time="0.154" classname="extentReportUsingListner.BasePageTest"/>
  <testcase name="baseTest2" time="3.154" classname="extentReportUsingListner.BasePageTest"/>
  <testcase name="baseTest3" time="0.000" classname="extentReportUsingListner.BasePageTest"/>
  <testcase name="verifyHomePage" time="0.016" classname="extentReportUsingListner.BasePageTest"/>
</testsuite> <!-- extentReportUsingListner.BasePageTest -->
